# JRE version: OpenJDK Runtime Environment AdoptOpenJDK-11.0.11+9 (11.0.11+9) (build 11.0.11+9)
# Java VM: OpenJDK 64-Bit Server VM AdoptOpenJDK-11.0.11+9 (11.0.11+9, mixed mode, tiered, compressed oops, parallel gc, windows-amd64)
Heap:
 PSYoungGen      total 24064K, used 0K [0x00000000eab00000, 0x00000000ec400000, 0x0000000100000000)
  eden space 22016K, 0% used [0x00000000eab00000,0x00000000eab00000,0x00000000ec080000)
  from space 2048K, 0% used [0x00000000ec100000,0x00000000ec100000,0x00000000ec300000)
  to   space 1024K, 0% used [0x00000000ec300000,0x00000000ec300000,0x00000000ec400000)
 ParOldGen       total 68608K, used 24819K [0x00000000c0000000, 0x00000000c4300000, 0x00000000eab00000)
  object space 68608K, 36% used [0x00000000c0000000,0x00000000c183cc00,0x00000000c4300000)
 Metaspace       used 33472K, capacity 35226K, committed 35416K, reserved 1081344K
  class space    used 3167K, capacity 3847K, committed 3968K, reserved 1048576K
GC Heap History (20 events):
Event: 7.551 GC heap before
{Heap before GC invocations=8 (full 1):
 PSYoungGen      total 26624K, used 26608K [0x00000000eab00000, 0x00000000eca00000, 0x0000000100000000)
  eden space 24064K, 99% used [0x00000000eab00000,0x00000000ec27f8c0,0x00000000ec280000)
  from space 2560K, 99% used [0x00000000ec600000,0x00000000ec87ca30,0x00000000ec880000)
  to   space 3584K, 0% used [0x00000000ec280000,0x00000000ec280000,0x00000000ec600000)
 ParOldGen       total 68608K, used 6541K [0x00000000c0000000, 0x00000000c4300000, 0x00000000eab00000)
  object space 68608K, 9% used [0x00000000c0000000,0x00000000c0663448,0x00000000c4300000)
 Metaspace       used 30776K, capacity 32544K, committed 32640K, reserved 1079296K
  class space    used 2946K, capacity 3636K, committed 3712K, reserved 1048576K
}
Event: 7.557 GC heap after
{Heap after GC invocations=8 (full 1):
 PSYoungGen      total 27136K, used 3552K [0x00000000eab00000, 0x00000000ecb00000, 0x0000000100000000)
  eden space 23552K, 0% used [0x00000000eab00000,0x00000000eab00000,0x00000000ec200000)
  from space 3584K, 99% used [0x00000000ec280000,0x00000000ec5f81d0,0x00000000ec600000)
  to   space 4608K, 0% used [0x00000000ec680000,0x00000000ec680000,0x00000000ecb00000)
 ParOldGen       total 68608K, used 7057K [0x00000000c0000000, 0x00000000c4300000, 0x00000000eab00000)
  object space 68608K, 10% used [0x00000000c0000000,0x00000000c06e47a0,0x00000000c4300000)
 Metaspace       used 30776K, capacity 32544K, committed 32640K, reserved 1079296K
  class space    used 2946K, capacity 3636K, committed 3712K, reserved 1048576K
}
Event: 7.764 GC heap before
{Heap before GC invocations=9 (full 1):
 PSYoungGen      total 27136K, used 27104K [0x00000000eab00000, 0x00000000ecb00000, 0x0000000100000000)
  eden space 23552K, 100% used [0x00000000eab00000,0x00000000ec200000,0x00000000ec200000)
  from space 3584K, 99% used [0x00000000ec280000,0x00000000ec5f81d0,0x00000000ec600000)
  to   space 4608K, 0% used [0x00000000ec680000,0x00000000ec680000,0x00000000ecb00000)
 ParOldGen       total 68608K, used 7057K [0x00000000c0000000, 0x00000000c4300000, 0x00000000eab00000)
  object space 68608K, 10% used [0x00000000c0000000,0x00000000c06e47a0,0x00000000c4300000)
 Metaspace       used 31272K, capacity 33054K, committed 33152K, reserved 1079296K
  class space    used 3011K, capacity 3678K, committed 3712K, reserved 1048576K
}
Event: 7.778 GC heap after
{Heap after GC invocations=9 (full 1):
 PSYoungGen      total 26624K, used 4607K [0x00000000eab00000, 0x00000000ecd80000, 0x0000000100000000)
  eden space 22016K, 0% used [0x00000000eab00000,0x00000000eab00000,0x00000000ec080000)
  from space 4608K, 99% used [0x00000000ec680000,0x00000000ecaffd38,0x00000000ecb00000)
  to   space 6144K, 0% used [0x00000000ec080000,0x00000000ec080000,0x00000000ec680000)
 ParOldGen       total 68608K, used 8121K [0x00000000c0000000, 0x00000000c4300000, 0x00000000eab00000)
  object space 68608K, 11% used [0x00000000c0000000,0x00000000c07ee7c0,0x00000000c4300000)
 Metaspace       used 31272K, capacity 33054K, committed 33152K, reserved 1079296K
  class space    used 3011K, capacity 3678K, committed 3712K, reserved 1048576K
}
Event: 7.975 GC heap before
{Heap before GC invocations=10 (full 1):
 PSYoungGen      total 26624K, used 26623K [0x00000000eab00000, 0x00000000ecd80000, 0x0000000100000000)
  eden space 22016K, 100% used [0x00000000eab00000,0x00000000ec080000,0x00000000ec080000)
  from space 4608K, 99% used [0x00000000ec680000,0x00000000ecaffd38,0x00000000ecb00000)
  to   space 6144K, 0% used [0x00000000ec080000,0x00000000ec080000,0x00000000ec680000)
 ParOldGen       total 68608K, used 8121K [0x00000000c0000000, 0x00000000c4300000, 0x00000000eab00000)
  object space 68608K, 11% used [0x00000000c0000000,0x00000000c07ee7c0,0x00000000c4300000)
 Metaspace       used 31297K, capacity 33054K, committed 33152K, reserved 1079296K
  class space    used 3011K, capacity 3678K, committed 3712K, reserved 1048576K
}
Event: 7.985 GC heap after
{Heap after GC invocations=10 (full 1):
 PSYoungGen      total 27136K, used 4750K [0x00000000eab00000, 0x00000000eca80000, 0x0000000100000000)
  eden space 22016K, 0% used [0x00000000eab00000,0x00000000eab00000,0x00000000ec080000)
  from space 5120K, 92% used [0x00000000ec080000,0x00000000ec523bb0,0x00000000ec580000)
  to   space 5120K, 0% used [0x00000000ec580000,0x00000000ec580000,0x00000000eca80000)
 ParOldGen       total 68608K, used 9950K [0x00000000c0000000, 0x00000000c4300000, 0x00000000eab00000)
  object space 68608K, 14% used [0x00000000c0000000,0x00000000c09b7a40,0x00000000c4300000)
 Metaspace       used 31297K, capacity 33054K, committed 33152K, reserved 1079296K
  class space    used 3011K, capacity 3678K, committed 3712K, reserved 1048576K
}
Event: 8.226 GC heap before
{Heap before GC invocations=11 (full 1):
 PSYoungGen      total 27136K, used 26506K [0x00000000eab00000, 0x00000000eca80000, 0x0000000100000000)
  eden space 22016K, 98% used [0x00000000eab00000,0x00000000ec03ee30,0x00000000ec080000)
  from space 5120K, 92% used [0x00000000ec080000,0x00000000ec523bb0,0x00000000ec580000)
  to   space 5120K, 0% used [0x00000000ec580000,0x00000000ec580000,0x00000000eca80000)
 ParOldGen       total 68608K, used 9950K [0x00000000c0000000, 0x00000000c4300000, 0x00000000eab00000)
  object space 68608K, 14% used [0x00000000c0000000,0x00000000c09b7a40,0x00000000c4300000)
 Metaspace       used 31481K, capacity 33214K, committed 33408K, reserved 1079296K
  class space    used 3025K, capacity 3710K, committed 3712K, reserved 1048576K
}
Event: 8.237 GC heap after
{Heap after GC invocations=11 (full 1):
 PSYoungGen      total 26112K, used 3954K [0x00000000eab00000, 0x00000000ec980000, 0x0000000100000000)
  eden space 22016K, 0% used [0x00000000eab00000,0x00000000eab00000,0x00000000ec080000)
  from space 4096K, 96% used [0x00000000ec580000,0x00000000ec95cb28,0x00000000ec980000)
  to   space 4608K, 0% used [0x00000000ec080000,0x00000000ec080000,0x00000000ec500000)
 ParOldGen       total 68608K, used 12657K [0x00000000c0000000, 0x00000000c4300000, 0x00000000eab00000)
  object space 68608K, 18% used [0x00000000c0000000,0x00000000c0c5c658,0x00000000c4300000)
 Metaspace       used 31481K, capacity 33214K, committed 33408K, reserved 1079296K
  class space    used 3025K, capacity 3710K, committed 3712K, reserved 1048576K
}
Event: 8.365 GC heap before
{Heap before GC invocations=12 (full 1):
 PSYoungGen      total 26112K, used 25970K [0x00000000eab00000, 0x00000000ec980000, 0x0000000100000000)
  eden space 22016K, 100% used [0x00000000eab00000,0x00000000ec080000,0x00000000ec080000)
  from space 4096K, 96% used [0x00000000ec580000,0x00000000ec95cb28,0x00000000ec980000)
  to   space 4608K, 0% used [0x00000000ec080000,0x00000000ec080000,0x00000000ec500000)
 ParOldGen       total 68608K, used 12657K [0x00000000c0000000, 0x00000000c4300000, 0x00000000eab00000)
  object space 68608K, 18% used [0x00000000c0000000,0x00000000c0c5c658,0x00000000c4300000)
 Metaspace       used 31481K, capacity 33214K, committed 33408K, reserved 1079296K
  class space    used 3025K, capacity 3710K, committed 3712K, reserved 1048576K
}
Event: 8.382 GC heap after
{Heap after GC invocations=12 (full 1):
 PSYoungGen      total 25088K, used 2656K [0x00000000eab00000, 0x00000000ec780000, 0x0000000100000000)
  eden space 22016K, 0% used [0x00000000eab00000,0x00000000eab00000,0x00000000ec080000)
  from space 3072K, 86% used [0x00000000ec080000,0x00000000ec318010,0x00000000ec380000)
  to   space 3584K, 0% used [0x00000000ec400000,0x00000000ec400000,0x00000000ec780000)
 ParOldGen       total 68608K, used 16620K [0x00000000c0000000, 0x00000000c4300000, 0x00000000eab00000)
  object space 68608K, 24% used [0x00000000c0000000,0x00000000c103b2a0,0x00000000c4300000)
 Metaspace       used 31481K, capacity 33214K, committed 33408K, reserved 1079296K
  class space    used 3025K, capacity 3710K, committed 3712K, reserved 1048576K
}
Event: 8.470 GC heap before
{Heap before GC invocations=13 (full 1):
 PSYoungGen      total 25088K, used 24672K [0x00000000eab00000, 0x00000000ec780000, 0x0000000100000000)
  eden space 22016K, 100% used [0x00000000eab00000,0x00000000ec080000,0x00000000ec080000)
  from space 3072K, 86% used [0x00000000ec080000,0x00000000ec318010,0x00000000ec380000)
  to   space 3584K, 0% used [0x00000000ec400000,0x00000000ec400000,0x00000000ec780000)
 ParOldGen       total 68608K, used 16620K [0x00000000c0000000, 0x00000000c4300000, 0x00000000eab00000)
  object space 68608K, 24% used [0x00000000c0000000,0x00000000c103b2a0,0x00000000c4300000)
 Metaspace       used 31481K, capacity 33214K, committed 33408K, reserved 1079296K
  class space    used 3025K, capacity 3710K, committed 3712K, reserved 1048576K
}
Event: 8.479 GC heap after
{Heap after GC invocations=13 (full 1):
 PSYoungGen      total 25088K, used 2560K [0x00000000eab00000, 0x00000000ec700000, 0x0000000100000000)
  eden space 22016K, 0% used [0x00000000eab00000,0x00000000eab00000,0x00000000ec080000)
  from space 3072K, 83% used [0x00000000ec400000,0x00000000ec680010,0x00000000ec700000)
  to   space 3072K, 0% used [0x00000000ec080000,0x00000000ec080000,0x00000000ec380000)
 ParOldGen       total 68608K, used 19204K [0x00000000c0000000, 0x00000000c4300000, 0x00000000eab00000)
  object space 68608K, 27% used [0x00000000c0000000,0x00000000c12c12b0,0x00000000c4300000)
 Metaspace       used 31481K, capacity 33214K, committed 33408K, reserved 1079296K
  class space    used 3025K, capacity 3710K, committed 3712K, reserved 1048576K
}
Event: 8.647 GC heap before
{Heap before GC invocations=14 (full 1):
 PSYoungGen      total 25088K, used 24576K [0x00000000eab00000, 0x00000000ec700000, 0x0000000100000000)
  eden space 22016K, 100% used [0x00000000eab00000,0x00000000ec080000,0x00000000ec080000)
  from space 3072K, 83% used [0x00000000ec400000,0x00000000ec680010,0x00000000ec700000)
  to   space 3072K, 0% used [0x00000000ec080000,0x00000000ec080000,0x00000000ec380000)
 ParOldGen       total 68608K, used 19204K [0x00000000c0000000, 0x00000000c4300000, 0x00000000eab00000)
  object space 68608K, 27% used [0x00000000c0000000,0x00000000c12c12b0,0x00000000c4300000)
 Metaspace       used 31570K, capacity 33289K, committed 33536K, reserved 1079296K
  class space    used 3031K, capacity 3713K, committed 3840K, reserved 1048576K
}
Event: 8.670 GC heap after
{Heap after GC invocations=14 (full 1):
 PSYoungGen      total 25088K, used 2848K [0x00000000eab00000, 0x00000000ec680000, 0x0000000100000000)
  eden space 22016K, 0% used [0x00000000eab00000,0x00000000eab00000,0x00000000ec080000)
  from space 3072K, 92% used [0x00000000ec080000,0x00000000ec348000,0x00000000ec380000)
  to   space 3072K, 0% used [0x00000000ec380000,0x00000000ec380000,0x00000000ec680000)
 ParOldGen       total 68608K, used 21706K [0x00000000c0000000, 0x00000000c4300000, 0x00000000eab00000)
  object space 68608K, 31% used [0x00000000c0000000,0x00000000c1532b40,0x00000000c4300000)
 Metaspace       used 31570K, capacity 33289K, committed 33536K, reserved 1079296K
  class space    used 3031K, capacity 3713K, committed 3840K, reserved 1048576K
}
Event: 11.768 GC heap before
{Heap before GC invocations=15 (full 1):
 PSYoungGen      total 25088K, used 24864K [0x00000000eab00000, 0x00000000ec680000, 0x0000000100000000)
  eden space 22016K, 100% used [0x00000000eab00000,0x00000000ec080000,0x00000000ec080000)
  from space 3072K, 92% used [0x00000000ec080000,0x00000000ec348000,0x00000000ec380000)
  to   space 3072K, 0% used [0x00000000ec380000,0x00000000ec380000,0x00000000ec680000)
 ParOldGen       total 68608K, used 21706K [0x00000000c0000000, 0x00000000c4300000, 0x00000000eab00000)
  object space 68608K, 31% used [0x00000000c0000000,0x00000000c1532b40,0x00000000c4300000)
 Metaspace       used 33251K, capacity 35034K, committed 35200K, reserved 1081344K
  class space    used 3140K, capacity 3847K, committed 3968K, reserved 1048576K
}
Event: 11.818 GC heap after
{Heap after GC invocations=15 (full 1):
 PSYoungGen      total 23552K, used 1109K [0x00000000eab00000, 0x00000000ec500000, 0x0000000100000000)
  eden space 22016K, 0% used [0x00000000eab00000,0x00000000eab00000,0x00000000ec080000)
  from space 1536K, 72% used [0x00000000ec380000,0x00000000ec495468,0x00000000ec500000)
  to   space 2048K, 0% used [0x00000000ec100000,0x00000000ec100000,0x00000000ec300000)
 ParOldGen       total 68608K, used 24498K [0x00000000c0000000, 0x00000000c4300000, 0x00000000eab00000)
  object space 68608K, 35% used [0x00000000c0000000,0x00000000c17ecb40,0x00000000c4300000)
 Metaspace       used 33251K, capacity 35034K, committed 35200K, reserved 1081344K
  class space    used 3140K, capacity 3847K, committed 3968K, reserved 1048576K
}
Event: 11.837 GC heap before
{Heap before GC invocations=16 (full 1):
 PSYoungGen      total 23552K, used 2103K [0x00000000eab00000, 0x00000000ec500000, 0x0000000100000000)
  eden space 22016K, 4% used [0x00000000eab00000,0x00000000eabf8b38,0x00000000ec080000)
  from space 1536K, 72% used [0x00000000ec380000,0x00000000ec495468,0x00000000ec500000)
  to   space 2048K, 0% used [0x00000000ec100000,0x00000000ec100000,0x00000000ec300000)
 ParOldGen       total 68608K, used 24498K [0x00000000c0000000, 0x00000000c4300000, 0x00000000eab00000)
  object space 68608K, 35% used [0x00000000c0000000,0x00000000c17ecb40,0x00000000c4300000)
 Metaspace       used 33472K, capacity 35226K, committed 35416K, reserved 1081344K
  class space    used 3167K, capacity 3847K, committed 3968K, reserved 1048576K
}
Event: 11.914 GC heap after
{Heap after GC invocations=16 (full 1):
 PSYoungGen      total 24064K, used 64K [0x00000000eab00000, 0x00000000ec400000, 0x0000000100000000)
  eden space 22016K, 0% used [0x00000000eab00000,0x00000000eab00000,0x00000000ec080000)
  from space 2048K, 3% used [0x00000000ec100000,0x00000000ec110000,0x00000000ec300000)
  to   space 1024K, 0% used [0x00000000ec300000,0x00000000ec300000,0x00000000ec400000)
 ParOldGen       total 68608K, used 25380K [0x00000000c0000000, 0x00000000c4300000, 0x00000000eab00000)
  object space 68608K, 36% used [0x00000000c0000000,0x00000000c18c9160,0x00000000c4300000)
 Metaspace       used 33472K, capacity 35226K, committed 35416K, reserved 1081344K
  class space    used 3167K, capacity 3847K, committed 3968K, reserved 1048576K
}
Event: 11.914 GC heap before
{Heap before GC invocations=17 (full 2):
 PSYoungGen      total 24064K, used 64K [0x00000000eab00000, 0x00000000ec400000, 0x0000000100000000)
  eden space 22016K, 0% used [0x00000000eab00000,0x00000000eab00000,0x00000000ec080000)
  from space 2048K, 3% used [0x00000000ec100000,0x00000000ec110000,0x00000000ec300000)
  to   space 1024K, 0% used [0x00000000ec300000,0x00000000ec300000,0x00000000ec400000)
 ParOldGen       total 68608K, used 25380K [0x00000000c0000000, 0x00000000c4300000, 0x00000000eab00000)
  object space 68608K, 36% used [0x00000000c0000000,0x00000000c18c9160,0x00000000c4300000)
 Metaspace       used 33472K, capacity 35226K, committed 35416K, reserved 1081344K
  class space    used 3167K, capacity 3847K, committed 3968K, reserved 1048576K
}
Event: 12.882 GC heap after
{Heap after GC invocations=17 (full 2):
 PSYoungGen      total 24064K, used 0K [0x00000000eab00000, 0x00000000ec400000, 0x0000000100000000)
  eden space 22016K, 0% used [0x00000000eab00000,0x00000000eab00000,0x00000000ec080000)
  from space 2048K, 0% used [0x00000000ec100000,0x00000000ec100000,0x00000000ec300000)
  to   space 1024K, 0% used [0x00000000ec300000,0x00000000ec300000,0x00000000ec400000)
 ParOldGen       total 68608K, used 24819K [0x00000000c0000000, 0x00000000c4300000, 0x00000000eab00000)
  object space 68608K, 36% used [0x00000000c0000000,0x00000000c183cc00,0x00000000c4300000)
 Metaspace       used 33472K, capacity 35226K, committed 35416K, reserved 1081344K
  class space    used 3167K, capacity 3847K, committed 3968K, reserved 1048576K
}

